2023-05-29 19:27:12 info: tempDirectory:c:\Users\BARADED\.vscode\extensions\embold-vscode.embold-0.1.5\temp
2023-05-29 19:27:12 info: Extraction complete for source: c:\Users\BARADED\.vscode\extensions\embold-vscode.embold-0.1.5\resources\embold-scanner-archive.zip, destination: c:\Users\BARADED\.vscode\extensions\embold-vscode.embold-0.1.5\temp
2023-05-29 19:27:12 info: Congratulations, your extension "Embold" is now active!
2023-05-29 19:29:21 info: file:///g%3A/%21%21%21%21%21%D0%9E%D0%91%D0%A3%D0%A7%D0%95%D0%9D%D0%98%D0%95/O_O_P/Home/HomeWork_7/adapter
2023-05-29 19:29:21 info: file:///g%3A/%21%21%21%21%21%D0%9E%D0%91%D0%A3%D0%A7%D0%95%D0%9D%D0%98%D0%95/O_O_P/Home/HomeWork_7/builder
2023-05-29 19:29:21 info: file:///g%3A/%21%21%21%21%21%D0%9E%D0%91%D0%A3%D0%A7%D0%95%D0%9D%D0%98%D0%95/O_O_P/Home/HomeWork_7/singleton
2023-05-29 19:29:21 error: SQLITE_ERROR: no such table: issues
2023-05-29 19:29:21 error: SQLITE_ERROR: no such table: issues
2023-05-29 19:29:21 error: SQLITE_ERROR: no such table: issues
2023-05-29 19:32:03 info: file:///g%3A/%21%21%21%21%21%D0%9E%D0%91%D0%A3%D0%A7%D0%95%D0%9D%D0%98%D0%95/O_O_P/Home/HomeWork_7/.git/tI8fhJu
2023-05-29 19:32:03 error: SQLITE_ERROR: no such table: issues
2023-05-29 19:33:38 info: file:///g%3A/%21%21%21%21%21%D0%9E%D0%91%D0%A3%D0%A7%D0%95%D0%9D%D0%98%D0%95/O_O_P/Home/HomeWork_7/.git/index.lock
2023-05-29 19:33:38 error: SQLITE_ERROR: no such table: issues
2023-05-29 19:34:04 info: file:///g%3A/%21%21%21%21%21%D0%9E%D0%91%D0%A3%D0%A7%D0%95%D0%9D%D0%98%D0%95/O_O_P/Home/HomeWork_7/.git/index.lock
2023-05-29 19:34:04 error: SQLITE_ERROR: no such table: issues
2023-05-29 20:03:15 info: file:///g%3A/%21%21%21%21%21%D0%9E%D0%91%D0%A3%D0%A7%D0%95%D0%9D%D0%98%D0%95/O_O_P/Home/HomeWork_7/observer/Midl.java
2023-05-29 20:03:15 error: SQLITE_ERROR: no such table: issues
2023-05-29 20:17:35 info: file:///g%3A/%21%21%21%21%21%D0%9E%D0%91%D0%A3%D0%A7%D0%95%D0%9D%D0%98%D0%95/O_O_P/Home/HomeWork_7/.git/index.lock
2023-05-29 20:17:35 error: SQLITE_ERROR: no such table: issues
2023-05-29 20:17:46 info: file:///g%3A/%21%21%21%21%21%D0%9E%D0%91%D0%A3%D0%A7%D0%95%D0%9D%D0%98%D0%95/O_O_P/Home/HomeWork_7/.git/index.lock
2023-05-29 20:17:46 error: SQLITE_ERROR: no such table: issues
2023-05-29 20:17:51 info: file:///g%3A/%21%21%21%21%21%D0%9E%D0%91%D0%A3%D0%A7%D0%95%D0%9D%D0%98%D0%95/O_O_P/Home/HomeWork_7/.git/index.lock
2023-05-29 20:17:51 error: SQLITE_ERROR: no such table: issues
2023-05-29 20:19:14 info: file:///g%3A/%21%21%21%21%21%D0%9E%D0%91%D0%A3%D0%A7%D0%95%D0%9D%D0%98%D0%95/O_O_P/Home/HomeWork_7/.git/index.lock
2023-05-29 20:19:14 error: SQLITE_ERROR: no such table: issues
2023-05-29 20:19:49 info: file:///g%3A/%21%21%21%21%21%D0%9E%D0%91%D0%A3%D0%A7%D0%95%D0%9D%D0%98%D0%95/O_O_P/Home/HomeWork_7/.git/index.lock
2023-05-29 20:19:49 error: SQLITE_ERROR: no such table: issues
2023-05-29 20:48:31 info: file:///g%3A/%21%21%21%21%21%D0%9E%D0%91%D0%A3%D0%A7%D0%95%D0%9D%D0%98%D0%95/O_O_P/Home/HomeWork_7/.git/index.lock
2023-05-29 20:48:31 error: SQLITE_ERROR: no such table: issues
